[2024-12-09T20:57:57.175666+08:00] running_warning.ERROR: Error: [8] Undefined index: article in /www/wwwroot/www.bplewiki.top/php/savefile/noticecomment.php on line 30 [1733749077] []
[2024-12-10T19:25:32.948304+08:00] running_warning.CRITICAL: Uncaught exception: Call to a member function fetch_assoc() on bool [1733829932] []
[2024-12-10T19:27:10.817806+08:00] running_warning.CRITICAL: Uncaught exception: Call to a member function fetch_assoc() on bool [1733830030] []
[2024-12-10T19:27:11.932875+08:00] running_warning.CRITICAL: Uncaught exception: Call to a member function fetch_assoc() on bool [1733830031] []
[2024-12-11T20:53:01.377354+08:00] running_warning.CRITICAL: Uncaught exception: Call to a member function fetch_assoc() on bool [1733921581] []
[2024-12-13T22:04:20.240551+08:00] running_warning.CRITICAL: Uncaught exception: Call to a member function fetch_assoc() on bool [1734098660] []
[2024-12-15T14:42:32.203595+08:00] running_warning.ERROR: Error: [8] Undefined index: avatar in /www/wwwroot/www.bplewiki.top/php/article/comment.php on line 26 [1734244952] []
[2024-12-15T14:42:32.211278+08:00] running_warning.ERROR: Error: [8] Undefined index: avatar in /www/wwwroot/www.bplewiki.top/php/article/comment.php on line 26 [1734244952] []
[2024-12-15T14:42:32.211436+08:00] running_warning.ERROR: Error: [8] Undefined index: avatar in /www/wwwroot/www.bplewiki.top/php/article/comment.php on line 26 [1734244952] []
[2024-12-15T14:42:32.211579+08:00] running_warning.ERROR: Error: [8] Undefined index: avatar in /www/wwwroot/www.bplewiki.top/php/article/comment.php on line 26 [1734244952] []
[2024-12-15T14:42:32.211664+08:00] running_warning.ERROR: Error: [8] Undefined index: avatar in /www/wwwroot/www.bplewiki.top/php/article/comment.php on line 26 [1734244952] []
[2024-12-15T14:42:32.211738+08:00] running_warning.ERROR: Error: [8] Undefined index: avatar in /www/wwwroot/www.bplewiki.top/php/article/comment.php on line 26 [1734244952] []
[2024-12-15T14:42:32.211808+08:00] running_warning.ERROR: Error: [8] Undefined index: avatar in /www/wwwroot/www.bplewiki.top/php/article/comment.php on line 26 [1734244952] []
[2024-12-15T14:42:32.211913+08:00] running_warning.ERROR: Error: [8] Undefined index: avatar in /www/wwwroot/www.bplewiki.top/php/article/comment.php on line 26 [1734244952] []
[2024-12-15T14:42:32.212007+08:00] running_warning.ERROR: Error: [8] Undefined index: avatar in /www/wwwroot/www.bplewiki.top/php/article/comment.php on line 26 [1734244952] []
[2024-12-15T14:42:32.212093+08:00] running_warning.ERROR: Error: [8] Undefined index: avatar in /www/wwwroot/www.bplewiki.top/php/article/comment.php on line 26 [1734244952] []
[2024-12-15T14:42:32.212173+08:00] running_warning.ERROR: Error: [8] Undefined index: avatar in /www/wwwroot/www.bplewiki.top/php/article/comment.php on line 26 [1734244952] []
[2024-12-15T14:42:32.212279+08:00] running_warning.ERROR: Error: [8] Undefined index: avatar in /www/wwwroot/www.bplewiki.top/php/article/comment.php on line 26 [1734244952] []
[2024-12-15T14:42:32.212361+08:00] running_warning.ERROR: Error: [8] Undefined index: avatar in /www/wwwroot/www.bplewiki.top/php/article/comment.php on line 26 [1734244952] []
[2024-12-15T14:42:32.212685+08:00] running_warning.ERROR: Error: [8] Undefined index: avatar in /www/wwwroot/www.bplewiki.top/php/article/comment.php on line 26 [1734244952] []
[2024-12-15T14:42:32.212779+08:00] running_warning.ERROR: Error: [8] Undefined index: avatar in /www/wwwroot/www.bplewiki.top/php/article/comment.php on line 26 [1734244952] []
[2024-12-15T14:42:32.212849+08:00] running_warning.ERROR: Error: [8] Undefined index: avatar in /www/wwwroot/www.bplewiki.top/php/article/comment.php on line 26 [1734244952] []
[2024-12-15T14:42:32.212898+08:00] running_warning.ERROR: Error: [8] Undefined index: avatar in /www/wwwroot/www.bplewiki.top/php/article/comment.php on line 26 [1734244952] []
[2024-12-15T14:42:32.212947+08:00] running_warning.ERROR: Error: [8] Undefined index: avatar in /www/wwwroot/www.bplewiki.top/php/article/comment.php on line 26 [1734244952] []
[2024-12-15T14:42:32.212993+08:00] running_warning.ERROR: Error: [8] Undefined index: avatar in /www/wwwroot/www.bplewiki.top/php/article/comment.php on line 26 [1734244952] []
[2024-12-15T14:42:32.213051+08:00] running_warning.ERROR: Error: [8] Undefined index: avatar in /www/wwwroot/www.bplewiki.top/php/article/comment.php on line 26 [1734244952] []
[2024-12-15T14:42:32.213097+08:00] running_warning.ERROR: Error: [8] Undefined index: avatar in /www/wwwroot/www.bplewiki.top/php/article/comment.php on line 26 [1734244952] []
[2024-12-15T14:42:32.213186+08:00] running_warning.ERROR: Error: [8] Undefined index: avatar in /www/wwwroot/www.bplewiki.top/php/article/comment.php on line 26 [1734244952] []
[2024-12-15T14:42:32.213271+08:00] running_warning.ERROR: Error: [8] Undefined index: avatar in /www/wwwroot/www.bplewiki.top/php/article/comment.php on line 26 [1734244952] []
[2024-12-15T14:42:32.213345+08:00] running_warning.ERROR: Error: [8] Undefined index: avatar in /www/wwwroot/www.bplewiki.top/php/article/comment.php on line 26 [1734244952] []
[2024-12-15T14:42:32.213423+08:00] running_warning.ERROR: Error: [8] Undefined index: avatar in /www/wwwroot/www.bplewiki.top/php/article/comment.php on line 26 [1734244952] []
[2024-12-15T20:23:09.192374+08:00] running_warning.CRITICAL: Uncaught exception: Call to undefined method userSign::checkuser() [1734265389] []
[2024-12-15T20:40:58.595262+08:00] running_warning.ERROR: Error: [8] Undefined property: userSign::$pdo in /www/wwwroot/www.bplewiki.top/php/user/forgotpassword.php on line 34 [1734266458] []
[2024-12-15T20:40:58.599378+08:00] running_warning.CRITICAL: Uncaught exception: Call to a member function prepare() on null [1734266458] []
[2024-12-15T20:41:43.018762+08:00] running_warning.ERROR: Error: [8] Undefined property: userSign::$pdo in /www/wwwroot/www.bplewiki.top/php/user/forgotpassword.php on line 34 [1734266503] []
[2024-12-15T20:41:43.021669+08:00] running_warning.CRITICAL: Uncaught exception: Call to a member function prepare() on null [1734266503] []
[2024-12-20T23:04:57.845381+08:00] running_warning.ERROR: Error: [2] Illegal string offset 'notice' in /www/wwwroot/www.bplewiki.top/php/user/signup.php on line 55 [1734707097] []
[2024-12-20T23:13:29.470242+08:00] running_warning.CRITICAL: Uncaught exception: Class 'ProcessErrors' not found [1734707609] []
[2024-12-20T23:14:56.765304+08:00] running_warning.CRITICAL: Uncaught exception: Class 'ProcessErrors' not found [1734707696] []
[2024-12-20T23:44:18.380122+08:00] running_warning.ERROR: Error: [2] is_readable(): open_basedir restriction in effect. File(/home/www/.aws/config) is not within the allowed path(s): (/www/wwwroot/www.bplewiki.top/:/tmp/) in /www/wwwroot/www.bplewiki.top/php/vendor/aws/aws-sdk-php/src/ClientSideMonitoring/ConfigurationProvider.php on line 164 [1734709458] []
[2024-12-20T23:45:36.330888+08:00] running_warning.CRITICAL: Uncaught exception: Class 'ProcessErrors' not found [1734709536] []
[2024-12-20T23:46:15.927230+08:00] running_warning.CRITICAL: Uncaught exception: Class 'ProcessErrors' not found [1734709575] []
[2024-12-20T23:52:55.520687+08:00] running_warning.ERROR: Error: [8] Undefined variable: signinfo in /www/wwwroot/www.bplewiki.top/php/savefile/remove.php on line 23 [1734709975] []
[2024-12-20T23:52:55.523372+08:00] running_warning.ERROR: Error: [8] Trying to access array offset on value of type null in /www/wwwroot/www.bplewiki.top/php/savefile/remove.php on line 23 [1734709975] []
[2024-12-20T23:54:05.992010+08:00] running_warning.ERROR: Error: [2] is_readable(): open_basedir restriction in effect. File(/home/www/.aws/config) is not within the allowed path(s): (/www/wwwroot/www.bplewiki.top/:/tmp/) in /www/wwwroot/www.bplewiki.top/php/vendor/aws/aws-sdk-php/src/ClientSideMonitoring/ConfigurationProvider.php on line 164 [1734710045] []
[2024-12-20T23:57:40.875748+08:00] running_warning.ERROR: Error: [2] is_readable(): open_basedir restriction in effect. File(/home/www/.aws/config) is not within the allowed path(s): (/www/wwwroot/www.bplewiki.top/:/tmp/) in /www/wwwroot/www.bplewiki.top/php/vendor/aws/aws-sdk-php/src/ClientSideMonitoring/ConfigurationProvider.php on line 164 [1734710260] []
[2024-12-21T00:06:16.020139+08:00] running_warning.ERROR: Error: [2] is_readable(): open_basedir restriction in effect. File(/home/www/.aws/config) is not within the allowed path(s): (/www/wwwroot/www.bplewiki.top/:/tmp/) in /www/wwwroot/www.bplewiki.top/php/vendor/aws/aws-sdk-php/src/ClientSideMonitoring/ConfigurationProvider.php on line 164 [1734710776] []
[2024-12-21T07:17:03.818683+08:00] running_warning.CRITICAL: Uncaught exception: Class 'ProcessErrors' not found [1734736623] []
[2024-12-21T07:47:56.069816+08:00] running_warning.ERROR: Error: [2] is_readable(): open_basedir restriction in effect. File(/home/www/.aws/config) is not within the allowed path(s): (/www/wwwroot/www.bplewiki.top/:/tmp/) in /www/wwwroot/www.bplewiki.top/php/vendor/aws/aws-sdk-php/src/ClientSideMonitoring/ConfigurationProvider.php on line 164 [1734738476] []
[2024-12-21T14:26:27.001225+08:00] running_warning.ERROR: Error: [2] Illegal string offset 'notice' in /www/wwwroot/www.bplewiki.top/php/user/signup.php on line 55 [1734762387] []
